[2017-03-10 15:14:46]	阿迪达斯 nz->brands
[2017-03-10 15:14:46]	奥迪 nz->brands
[2017-03-10 15:14:46]	奥克斯 nz->brands
[2017-03-10 15:14:46]	奥妙 a->brands
[2017-03-10 15:14:46]	澳柯玛 nz->brands
[2017-03-10 15:14:46]	百事可乐 nz->brands
[2017-03-10 15:14:46]	宝马 n->brands
[2017-03-10 15:14:46]	保罗 nrf->brands
[2017-03-10 15:14:46]	北极狐 n->brands
[2017-03-10 15:14:46]	奔驰 nz->brands
[2017-03-10 15:14:46]	奔腾 nz->brands
[2017-03-10 15:14:46]	本田 nz->brands
[2017-03-10 15:14:46]	比亚迪 nt->brands
[2017-03-10 15:14:46]	标致 a->brands
[2017-03-10 15:14:46]	波司登 nz->brands
[2017-03-10 15:14:46]	伯爵 n->brands
[2017-03-10 15:14:46]	步步高 nz->brands
[2017-03-10 15:14:46]	创佳 nz->brands
[2017-03-10 15:14:46]	创维 nz->brands
[2017-03-10 15:14:46]	锤子 n->brands
[2017-03-10 15:14:46]	春兰 nz->brands
[2017-03-10 15:14:46]	大显 nz->brands
[2017-03-10 15:14:46]	大众 n->brands
[2017-03-10 15:14:46]	道奇 nz->brands
[2017-03-10 15:14:46]	稻草人 n->brands
[2017-03-10 15:14:46]	得力 a->brands
[2017-03-10 15:14:46]	东芝 nz->brands
[2017-03-10 15:14:46]	鳄鱼 n->brands
[2017-03-10 15:14:46]	法拉利 nz->brands
[2017-03-10 15:14:46]	飞利浦 nz->brands
[2017-03-10 15:14:46]	菲亚特 nz->brands
[2017-03-10 15:14:46]	汾酒 n->brands
[2017-03-10 15:14:46]	丰田 nz->brands
[2017-03-10 15:14:46]	福特 nrf->brands
[2017-03-10 15:14:46]	富士 ns->brands
[2017-03-10 15:14:46]	富士通 nt->brands
[2017-03-10 15:14:46]	高露洁 nz->brands
[2017-03-10 15:14:46]	格兰仕 nz->brands
[2017-03-10 15:14:46]	格力 nz->brands
[2017-03-10 15:14:46]	公牛 n->brands
[2017-03-10 15:14:46]	海尔 nz->brands
[2017-03-10 15:14:46]	海信 nz->brands
[2017-03-10 15:14:46]	汉密尔顿 nrf->brands
[2017-03-10 15:14:46]	恒源祥 nz->brands
[2017-03-10 15:14:46]	红牛 nz->brands
[2017-03-10 15:14:46]	虎头虎脑 al->brands
[2017-03-10 15:14:46]	华为 nz->brands
[2017-03-10 15:14:46]	华谊 nz->brands
[2017-03-10 15:14:46]	汇源 nz->brands
[2017-03-10 15:14:46]	惠普 nz->brands
[2017-03-10 15:14:46]	佳能 nz->brands
[2017-03-10 15:14:46]	剑南春 nz->brands
[2017-03-10 15:14:46]	健力宝 nz->brands
[2017-03-10 15:14:46]	卡特 nrf->brands
[2017-03-10 15:14:46]	开拓者 n->brands
[2017-03-10 15:14:46]	康佳 nz->brands
[2017-03-10 15:14:46]	柯达 nz->brands
[2017-03-10 15:14:46]	壳牌 nz->brands
[2017-03-10 15:14:46]	可口可乐 n->brands
[2017-03-10 15:14:46]	克莱斯勒 nrf->brands
[2017-03-10 15:14:46]	肯德基 nz->brands
[2017-03-10 15:14:46]	老板 n->brands
[2017-03-10 15:14:46]	乐事 n->brands
[2017-03-10 15:14:46]	乐天 a->brands
[2017-03-10 15:14:46]	雷达 n->brands
[2017-03-10 15:14:46]	理光 nz->brands
[2017-03-10 15:14:46]	力帆 nz->brands
[2017-03-10 15:14:46]	立正 vi->brands
[2017-03-10 15:14:46]	联想 nz->brands
[2017-03-10 15:14:46]	两面针 nz->brands
[2017-03-10 15:14:46]	露露 nz->brands
[2017-03-10 15:14:46]	骆驼 n->brands
[2017-03-10 15:14:46]	马自达 nz->brands
[2017-03-10 15:14:46]	麦当劳 nz->brands
[2017-03-10 15:14:46]	茅台 nz->brands
[2017-03-10 15:14:46]	美的 nz->brands
[2017-03-10 15:14:46]	蒙牛 nz->brands
[2017-03-10 15:14:46]	摩托罗拉 nz->brands
[2017-03-10 15:14:46]	拿破仑 n->brands
[2017-03-10 15:14:46]	耐克 nrf->brands
[2017-03-10 15:14:46]	尼克松 n->brands
[2017-03-10 15:14:46]	纽曼 nrf->brands
[2017-03-10 15:14:46]	农夫 n->brands
[2017-03-10 15:14:46]	诺基亚 nz->brands
[2017-03-10 15:14:46]	欧米茄 nz->brands
[2017-03-10 15:14:46]	潘多拉 nrf->brands
[2017-03-10 15:14:46]	苹果 n->brands
[2017-03-10 15:14:46]	奇瑞 nz->brands
[2017-03-10 15:14:46]	起亚 nrf->brands
[2017-03-10 15:14:46]	枪手 n->brands
[2017-03-10 15:14:46]	清风 n->brands
[2017-03-10 15:14:46]	清华同方 nt->brands
[2017-03-10 15:14:46]	雀巢 nz->brands
[2017-03-10 15:14:46]	热风 n->brands
[2017-03-10 15:14:46]	日立 nz->brands
[2017-03-10 15:14:46]	荣事达 nz->brands
[2017-03-10 15:14:46]	三角 n->brands
[2017-03-10 15:14:46]	三菱 nz->brands
[2017-03-10 15:14:46]	三星 n->brands
[2017-03-10 15:14:46]	史密斯 nrf->brands
[2017-03-10 15:14:46]	士力架 nz->brands
[2017-03-10 15:14:46]	松下 nrj->brands
[2017-03-10 15:14:46]	搜狐 n->brands
[2017-03-10 15:14:46]	苏泊尔 nz->brands
[2017-03-10 15:14:46]	索爱 nz->brands
[2017-03-10 15:14:46]	索尼 nz->brands
[2017-03-10 15:14:46]	探索者 n->brands
[2017-03-10 15:14:46]	特种兵 n->brands
[2017-03-10 15:14:46]	腾讯 nz->brands
[2017-03-10 15:14:46]	铁三角 n->brands
[2017-03-10 15:14:46]	同仁堂 nz->brands
[2017-03-10 15:14:46]	万达 nz->brands
[2017-03-10 15:14:46]	万国 b->brands
[2017-03-10 15:14:46]	万家乐 nz->brands
[2017-03-10 15:14:46]	旺旺 nz->brands
[2017-03-10 15:14:46]	沃尔沃 nz->brands
[2017-03-10 15:14:46]	五粮液 n->brands
[2017-03-10 15:14:46]	西门子 nz->brands
[2017-03-10 15:14:46]	夏普 nrf->brands
[2017-03-10 15:14:46]	小米 n->brands
[2017-03-10 15:14:46]	小天鹅 n->brands
[2017-03-10 15:14:46]	熊猫 n->brands
[2017-03-10 15:14:46]	雪佛兰 nz->brands
[2017-03-10 15:14:46]	雪铁龙 nz->brands
[2017-03-10 15:14:46]	雅戈尔 nz->brands
[2017-03-10 15:14:46]	伊利 nz->brands
[2017-03-10 15:14:46]	毓婷 nz->brands
[2017-03-10 15:14:46]	张裕 nz->brands
[2017-03-10 15:14:46]	长虹 n->brands
[2017-03-10 15:14:46]	真维斯 nz->brands
[2017-03-10 15:14:46]	中国移动 nt->brands
[2017-03-10 15:14:46]	中华 nz->brands
[2017-03-10 15:14:46]	中兴 ns->brands
[2017-03-10 15:14:47]	阿迪达斯 nz->brands
[2017-03-10 15:14:47]	奥迪 nz->brands
[2017-03-10 15:14:47]	奥克斯 nz->brands
[2017-03-10 15:14:47]	奥妙 a->brands
[2017-03-10 15:14:47]	澳柯玛 nz->brands
[2017-03-10 15:14:47]	百事可乐 nz->brands
[2017-03-10 15:14:47]	宝马 n->brands
[2017-03-10 15:14:47]	保罗 nrf->brands
[2017-03-10 15:14:47]	北极狐 n->brands
[2017-03-10 15:14:47]	奔驰 nz->brands
[2017-03-10 15:14:47]	奔腾 nz->brands
[2017-03-10 15:14:47]	本田 nz->brands
[2017-03-10 15:14:47]	比亚迪 nt->brands
[2017-03-10 15:14:47]	标致 a->brands
[2017-03-10 15:14:47]	波司登 nz->brands
[2017-03-10 15:14:47]	伯爵 n->brands
[2017-03-10 15:14:47]	步步高 nz->brands
[2017-03-10 15:14:47]	创佳 nz->brands
[2017-03-10 15:14:47]	创维 nz->brands
[2017-03-10 15:14:47]	锤子 n->brands
[2017-03-10 15:14:47]	春兰 nz->brands
[2017-03-10 15:14:47]	大显 nz->brands
[2017-03-10 15:14:47]	大众 n->brands
[2017-03-10 15:14:47]	道奇 nz->brands
[2017-03-10 15:14:47]	稻草人 n->brands
[2017-03-10 15:14:47]	得力 a->brands
[2017-03-10 15:14:47]	东芝 nz->brands
[2017-03-10 15:14:47]	鳄鱼 n->brands
[2017-03-10 15:14:47]	法拉利 nz->brands
[2017-03-10 15:14:47]	飞利浦 nz->brands
[2017-03-10 15:14:47]	菲亚特 nz->brands
[2017-03-10 15:14:47]	汾酒 n->brands
[2017-03-10 15:14:47]	丰田 nz->brands
[2017-03-10 15:14:47]	福特 nrf->brands
[2017-03-10 15:14:47]	富士 ns->brands
[2017-03-10 15:14:47]	富士通 nt->brands
[2017-03-10 15:14:47]	高露洁 nz->brands
[2017-03-10 15:14:47]	格兰仕 nz->brands
[2017-03-10 15:14:47]	格力 nz->brands
[2017-03-10 15:14:47]	公牛 n->brands
[2017-03-10 15:14:47]	海尔 nz->brands
[2017-03-10 15:14:47]	海信 nz->brands
[2017-03-10 15:14:47]	汉密尔顿 nrf->brands
[2017-03-10 15:14:47]	恒源祥 nz->brands
[2017-03-10 15:14:47]	红牛 nz->brands
[2017-03-10 15:14:47]	虎头虎脑 al->brands
[2017-03-10 15:14:47]	华为 nz->brands
[2017-03-10 15:14:47]	华谊 nz->brands
[2017-03-10 15:14:47]	汇源 nz->brands
[2017-03-10 15:14:47]	惠普 nz->brands
[2017-03-10 15:14:47]	佳能 nz->brands
[2017-03-10 15:14:47]	剑南春 nz->brands
[2017-03-10 15:14:47]	健力宝 nz->brands
[2017-03-10 15:14:47]	卡特 nrf->brands
[2017-03-10 15:14:47]	开拓者 n->brands
[2017-03-10 15:14:47]	康佳 nz->brands
[2017-03-10 15:14:47]	柯达 nz->brands
[2017-03-10 15:14:47]	壳牌 nz->brands
[2017-03-10 15:14:47]	可口可乐 n->brands
[2017-03-10 15:14:47]	克莱斯勒 nrf->brands
[2017-03-10 15:14:47]	肯德基 nz->brands
[2017-03-10 15:14:47]	老板 n->brands
[2017-03-10 15:14:47]	乐事 n->brands
[2017-03-10 15:14:47]	乐天 a->brands
[2017-03-10 15:14:47]	雷达 n->brands
[2017-03-10 15:14:47]	理光 nz->brands
[2017-03-10 15:14:47]	力帆 nz->brands
[2017-03-10 15:14:47]	立正 vi->brands
[2017-03-10 15:14:47]	联想 nz->brands
[2017-03-10 15:14:47]	两面针 nz->brands
[2017-03-10 15:14:47]	露露 nz->brands
[2017-03-10 15:14:47]	骆驼 n->brands
[2017-03-10 15:14:47]	马自达 nz->brands
[2017-03-10 15:14:47]	麦当劳 nz->brands
[2017-03-10 15:14:47]	茅台 nz->brands
[2017-03-10 15:14:47]	美的 nz->brands
[2017-03-10 15:14:47]	蒙牛 nz->brands
[2017-03-10 15:14:47]	摩托罗拉 nz->brands
[2017-03-10 15:14:47]	拿破仑 n->brands
[2017-03-10 15:14:47]	耐克 nrf->brands
[2017-03-10 15:14:47]	尼克松 n->brands
[2017-03-10 15:14:47]	纽曼 nrf->brands
[2017-03-10 15:14:47]	农夫 n->brands
[2017-03-10 15:14:47]	诺基亚 nz->brands
[2017-03-10 15:14:47]	欧米茄 nz->brands
[2017-03-10 15:14:47]	潘多拉 nrf->brands
[2017-03-10 15:14:47]	苹果 n->brands
[2017-03-10 15:14:47]	奇瑞 nz->brands
[2017-03-10 15:14:47]	起亚 nrf->brands
[2017-03-10 15:14:47]	枪手 n->brands
[2017-03-10 15:14:47]	清风 n->brands
[2017-03-10 15:14:47]	清华同方 nt->brands
[2017-03-10 15:14:47]	雀巢 nz->brands
[2017-03-10 15:14:47]	热风 n->brands
[2017-03-10 15:14:47]	日立 nz->brands
[2017-03-10 15:14:47]	荣事达 nz->brands
[2017-03-10 15:14:47]	三角 n->brands
[2017-03-10 15:14:47]	三菱 nz->brands
[2017-03-10 15:14:47]	三星 n->brands
[2017-03-10 15:14:47]	史密斯 nrf->brands
[2017-03-10 15:14:47]	士力架 nz->brands
[2017-03-10 15:14:47]	松下 nrj->brands
[2017-03-10 15:14:47]	搜狐 n->brands
[2017-03-10 15:14:47]	苏泊尔 nz->brands
[2017-03-10 15:14:47]	索爱 nz->brands
[2017-03-10 15:14:47]	索尼 nz->brands
[2017-03-10 15:14:47]	探索者 n->brands
[2017-03-10 15:14:47]	特种兵 n->brands
[2017-03-10 15:14:47]	腾讯 nz->brands
[2017-03-10 15:14:47]	铁三角 n->brands
[2017-03-10 15:14:47]	同仁堂 nz->brands
[2017-03-10 15:14:47]	万达 nz->brands
[2017-03-10 15:14:47]	万国 b->brands
[2017-03-10 15:14:47]	万家乐 nz->brands
[2017-03-10 15:14:47]	旺旺 nz->brands
[2017-03-10 15:14:47]	沃尔沃 nz->brands
[2017-03-10 15:14:47]	五粮液 n->brands
[2017-03-10 15:14:47]	西门子 nz->brands
[2017-03-10 15:14:47]	夏普 nrf->brands
[2017-03-10 15:14:47]	小米 n->brands
[2017-03-10 15:14:47]	小天鹅 n->brands
[2017-03-10 15:14:47]	熊猫 n->brands
[2017-03-10 15:14:47]	雪佛兰 nz->brands
[2017-03-10 15:14:47]	雪铁龙 nz->brands
[2017-03-10 15:14:47]	雅戈尔 nz->brands
[2017-03-10 15:14:47]	伊利 nz->brands
[2017-03-10 15:14:47]	毓婷 nz->brands
[2017-03-10 15:14:47]	张裕 nz->brands
[2017-03-10 15:14:47]	长虹 n->brands
[2017-03-10 15:14:47]	真维斯 nz->brands
[2017-03-10 15:14:47]	中国移动 nt->brands
[2017-03-10 15:14:47]	中华 nz->brands
[2017-03-10 15:14:47]	中兴 ns->brands
[2017-03-10 15:14:47]	暗杀 v->films
[2017-03-10 15:14:47]	白鹿原 ns->films
[2017-03-10 15:14:47]	百团大战 nz->films
[2017-03-10 15:14:47]	不速之客 nl->films
[2017-03-10 15:14:47]	赤道 n->films
[2017-03-10 15:14:47]	大腕 n->films
[2017-03-10 15:14:47]	大秧歌 n->films
[2017-03-10 15:14:47]	导火线 n->films
[2017-03-10 15:14:47]	地雷战 n->films
[2017-03-10 15:14:47]	飞虎队 nz->films
[2017-03-10 15:14:47]	锋刃 n->films
[2017-03-10 15:14:47]	蜂鸟 n->films
[2017-03-10 15:14:47]	伏击 v->films
[2017-03-10 15:14:47]	复仇 vi->films
[2017-03-10 15:14:47]	孤雁 n->films
[2017-03-10 15:14:47]	国色天香 al->films
[2017-03-10 15:14:47]	寒冬 n->films
[2017-03-10 15:14:47]	寒战 n->films
[2017-03-10 15:14:47]	好家伙 e->films
[2017-03-10 15:14:47]	黑洞 n->films
[2017-03-10 15:14:47]	黑社会 n->films
[2017-03-10 15:14:47]	黄金时代 t->films
[2017-03-10 15:14:47]	灰姑娘 n->films
[2017-03-10 15:14:47]	机械师 n->films
[2017-03-10 15:14:47]	鸡毛蒜皮 bl->films
[2017-03-10 15:14:47]	激战 vi->films
[2017-03-10 15:14:47]	解密 vi->films
[2017-03-10 15:14:47]	狂怒 v->films
[2017-03-10 15:14:47]	临界 b->films
[2017-03-10 15:14:47]	流感 n->films
[2017-03-10 15:14:47]	麻雀 n->films
[2017-03-10 15:14:47]	美人鱼 n->films
[2017-03-10 15:14:47]	念念 v->films
[2017-03-10 15:14:47]	破晓 v->films
[2017-03-10 15:14:47]	群英会 n->films
[2017-03-10 15:14:47]	热血 n->films
[2017-03-10 15:14:47]	三国演义 nz->films
[2017-03-10 15:14:47]	神枪手 n->films
[2017-03-10 15:14:47]	失常 a->films
[2017-03-10 15:14:47]	师父 n->films
[2017-03-10 15:14:47]	十二生肖 nl->films
[2017-03-10 15:14:47]	推拿 vi->films
[2017-03-10 15:14:47]	危城 n->films
[2017-03-10 15:14:47]	雪豹 n->films
[2017-03-10 15:14:47]	胭脂 n->films
[2017-03-10 15:14:47]	夜莺 n->films
[2017-03-10 15:14:47]	医道 n->films
[2017-03-10 15:14:47]	彝海结盟 nl->films
[2017-03-10 15:14:47]	映山红 n->films
[2017-03-10 15:14:47]	硬骨头 n->films
[2017-03-10 15:14:47]	永无止境 vl->films
[2017-03-10 15:14:47]	邮差 n->films
[2017-03-10 15:14:47]	游侠 n->films
[2017-03-10 15:14:47]	战旗 n->films
[2017-03-10 15:14:47]	长城 ns->films
[2017-03-10 15:14:47]	终结者 n->films
[2017-03-10 15:14:47]	乘风破浪 vl->films
[2017-03-10 15:14:47]	降临 vi->films
[2017-03-10 15:14:47]	心惊胆战 al->films
[2017-03-10 15:14:47]	阿迪达斯 nz->brands
[2017-03-10 15:14:47]	奥迪 nz->brands
[2017-03-10 15:14:47]	奥克斯 nz->brands
[2017-03-10 15:14:47]	奥妙 a->brands
[2017-03-10 15:14:47]	澳柯玛 nz->brands
[2017-03-10 15:14:47]	百事可乐 nz->brands
[2017-03-10 15:14:47]	宝马 n->brands
[2017-03-10 15:14:47]	保罗 nrf->brands
[2017-03-10 15:14:47]	北极狐 n->brands
[2017-03-10 15:14:47]	奔驰 nz->brands
[2017-03-10 15:14:47]	奔腾 nz->brands
[2017-03-10 15:14:47]	本田 nz->brands
[2017-03-10 15:14:47]	比亚迪 nt->brands
[2017-03-10 15:14:47]	标致 a->brands
[2017-03-10 15:14:47]	波司登 nz->brands
[2017-03-10 15:14:47]	伯爵 n->brands
[2017-03-10 15:14:47]	步步高 nz->brands
[2017-03-10 15:14:47]	创佳 nz->brands
[2017-03-10 15:14:47]	创维 nz->brands
[2017-03-10 15:14:47]	锤子 n->brands
[2017-03-10 15:14:47]	春兰 nz->brands
[2017-03-10 15:14:47]	大显 nz->brands
[2017-03-10 15:14:47]	大众 n->brands
[2017-03-10 15:14:47]	道奇 nz->brands
[2017-03-10 15:14:47]	稻草人 n->brands
[2017-03-10 15:14:47]	得力 a->brands
[2017-03-10 15:14:47]	东芝 nz->brands
[2017-03-10 15:14:47]	鳄鱼 n->brands
[2017-03-10 15:14:47]	法拉利 nz->brands
[2017-03-10 15:14:47]	飞利浦 nz->brands
[2017-03-10 15:14:47]	菲亚特 nz->brands
[2017-03-10 15:14:47]	汾酒 n->brands
[2017-03-10 15:14:47]	丰田 nz->brands
[2017-03-10 15:14:47]	福特 nrf->brands
[2017-03-10 15:14:47]	富士 ns->brands
[2017-03-10 15:14:47]	富士通 nt->brands
[2017-03-10 15:14:47]	高露洁 nz->brands
[2017-03-10 15:14:47]	格兰仕 nz->brands
[2017-03-10 15:14:47]	格力 nz->brands
[2017-03-10 15:14:47]	公牛 n->brands
[2017-03-10 15:14:47]	海尔 nz->brands
[2017-03-10 15:14:47]	海信 nz->brands
[2017-03-10 15:14:47]	汉密尔顿 nrf->brands
[2017-03-10 15:14:47]	恒源祥 nz->brands
[2017-03-10 15:14:47]	红牛 nz->brands
[2017-03-10 15:14:47]	虎头虎脑 al->brands
[2017-03-10 15:14:47]	华为 nz->brands
[2017-03-10 15:14:47]	华谊 nz->brands
[2017-03-10 15:14:47]	汇源 nz->brands
[2017-03-10 15:14:47]	惠普 nz->brands
[2017-03-10 15:14:47]	佳能 nz->brands
[2017-03-10 15:14:47]	剑南春 nz->brands
[2017-03-10 15:14:47]	健力宝 nz->brands
[2017-03-10 15:14:47]	卡特 nrf->brands
[2017-03-10 15:14:47]	开拓者 n->brands
[2017-03-10 15:14:47]	康佳 nz->brands
[2017-03-10 15:14:47]	柯达 nz->brands
[2017-03-10 15:14:47]	壳牌 nz->brands
[2017-03-10 15:14:47]	可口可乐 n->brands
[2017-03-10 15:14:47]	克莱斯勒 nrf->brands
[2017-03-10 15:14:47]	肯德基 nz->brands
[2017-03-10 15:14:47]	老板 n->brands
[2017-03-10 15:14:47]	乐事 n->brands
[2017-03-10 15:14:47]	乐天 a->brands
[2017-03-10 15:14:47]	雷达 n->brands
[2017-03-10 15:14:47]	理光 nz->brands
[2017-03-10 15:14:47]	力帆 nz->brands
[2017-03-10 15:14:47]	立正 vi->brands
[2017-03-10 15:14:47]	联想 nz->brands
[2017-03-10 15:14:47]	两面针 nz->brands
[2017-03-10 15:14:47]	露露 nz->brands
[2017-03-10 15:14:47]	骆驼 n->brands
[2017-03-10 15:14:47]	马自达 nz->brands
[2017-03-10 15:14:47]	麦当劳 nz->brands
[2017-03-10 15:14:47]	茅台 nz->brands
[2017-03-10 15:14:47]	美的 nz->brands
[2017-03-10 15:14:47]	蒙牛 nz->brands
[2017-03-10 15:14:47]	摩托罗拉 nz->brands
[2017-03-10 15:14:47]	拿破仑 n->brands
[2017-03-10 15:14:47]	耐克 nrf->brands
[2017-03-10 15:14:47]	尼克松 n->brands
[2017-03-10 15:14:47]	纽曼 nrf->brands
[2017-03-10 15:14:47]	农夫 n->brands
[2017-03-10 15:14:47]	诺基亚 nz->brands
[2017-03-10 15:14:47]	欧米茄 nz->brands
[2017-03-10 15:14:47]	潘多拉 nrf->brands
[2017-03-10 15:14:47]	苹果 n->brands
[2017-03-10 15:14:47]	奇瑞 nz->brands
[2017-03-10 15:14:47]	起亚 nrf->brands
[2017-03-10 15:14:47]	枪手 n->brands
[2017-03-10 15:14:47]	清风 n->brands
[2017-03-10 15:14:47]	清华同方 nt->brands
[2017-03-10 15:14:47]	雀巢 nz->brands
[2017-03-10 15:14:47]	热风 n->brands
[2017-03-10 15:14:47]	日立 nz->brands
[2017-03-10 15:14:47]	荣事达 nz->brands
[2017-03-10 15:14:47]	三角 n->brands
[2017-03-10 15:14:47]	三菱 nz->brands
[2017-03-10 15:14:47]	三星 n->brands
[2017-03-10 15:14:47]	史密斯 nrf->brands
[2017-03-10 15:14:47]	士力架 nz->brands
[2017-03-10 15:14:47]	松下 nrj->brands
[2017-03-10 15:14:47]	搜狐 n->brands
[2017-03-10 15:14:47]	苏泊尔 nz->brands
[2017-03-10 15:14:47]	索爱 nz->brands
[2017-03-10 15:14:47]	索尼 nz->brands
[2017-03-10 15:14:47]	探索者 n->brands
[2017-03-10 15:14:47]	特种兵 n->brands
[2017-03-10 15:14:47]	腾讯 nz->brands
[2017-03-10 15:14:47]	铁三角 n->brands
[2017-03-10 15:14:47]	同仁堂 nz->brands
[2017-03-10 15:14:47]	万达 nz->brands
[2017-03-10 15:14:47]	万国 b->brands
[2017-03-10 15:14:47]	万家乐 nz->brands
[2017-03-10 15:14:47]	旺旺 nz->brands
[2017-03-10 15:14:47]	沃尔沃 nz->brands
[2017-03-10 15:14:47]	五粮液 n->brands
[2017-03-10 15:14:47]	西门子 nz->brands
[2017-03-10 15:14:47]	夏普 nrf->brands
[2017-03-10 15:14:47]	小米 n->brands
[2017-03-10 15:14:47]	小天鹅 n->brands
[2017-03-10 15:14:47]	熊猫 n->brands
[2017-03-10 15:14:47]	雪佛兰 nz->brands
[2017-03-10 15:14:47]	雪铁龙 nz->brands
[2017-03-10 15:14:47]	雅戈尔 nz->brands
[2017-03-10 15:14:47]	伊利 nz->brands
[2017-03-10 15:14:47]	毓婷 nz->brands
[2017-03-10 15:14:47]	张裕 nz->brands
[2017-03-10 15:14:47]	长虹 n->brands
[2017-03-10 15:14:47]	真维斯 nz->brands
[2017-03-10 15:14:47]	中国移动 nt->brands
[2017-03-10 15:14:47]	中华 nz->brands
[2017-03-10 15:14:47]	中兴 ns->brands
[2017-03-10 15:14:47]	暗杀 v->films
[2017-03-10 15:14:47]	白鹿原 ns->films
[2017-03-10 15:14:47]	百团大战 nz->films
[2017-03-10 15:14:47]	不速之客 nl->films
[2017-03-10 15:14:47]	赤道 n->films
[2017-03-10 15:14:47]	大腕 n->films
[2017-03-10 15:14:47]	大秧歌 n->films
[2017-03-10 15:14:47]	导火线 n->films
[2017-03-10 15:14:47]	地雷战 n->films
[2017-03-10 15:14:47]	飞虎队 nz->films
[2017-03-10 15:14:47]	锋刃 n->films
[2017-03-10 15:14:47]	蜂鸟 n->films
[2017-03-10 15:14:47]	伏击 v->films
[2017-03-10 15:14:47]	复仇 vi->films
[2017-03-10 15:14:47]	孤雁 n->films
[2017-03-10 15:14:47]	国色天香 al->films
[2017-03-10 15:14:47]	寒冬 n->films
[2017-03-10 15:14:47]	寒战 n->films
[2017-03-10 15:14:47]	好家伙 e->films
[2017-03-10 15:14:47]	黑洞 n->films
[2017-03-10 15:14:47]	黑社会 n->films
[2017-03-10 15:14:47]	黄金时代 t->films
[2017-03-10 15:14:47]	灰姑娘 n->films
[2017-03-10 15:14:47]	机械师 n->films
[2017-03-10 15:14:47]	鸡毛蒜皮 bl->films
[2017-03-10 15:14:47]	激战 vi->films
[2017-03-10 15:14:47]	解密 vi->films
[2017-03-10 15:14:47]	狂怒 v->films
[2017-03-10 15:14:47]	临界 b->films
[2017-03-10 15:14:47]	流感 n->films
[2017-03-10 15:14:47]	麻雀 n->films
[2017-03-10 15:14:47]	美人鱼 n->films
[2017-03-10 15:14:47]	念念 v->films
[2017-03-10 15:14:47]	破晓 v->films
[2017-03-10 15:14:47]	群英会 n->films
[2017-03-10 15:14:47]	热血 n->films
[2017-03-10 15:14:47]	三国演义 nz->films
[2017-03-10 15:14:47]	神枪手 n->films
[2017-03-10 15:14:47]	失常 a->films
[2017-03-10 15:14:47]	师父 n->films
[2017-03-10 15:14:47]	十二生肖 nl->films
[2017-03-10 15:14:47]	推拿 vi->films
[2017-03-10 15:14:47]	危城 n->films
[2017-03-10 15:14:47]	雪豹 n->films
[2017-03-10 15:14:47]	胭脂 n->films
[2017-03-10 15:14:47]	夜莺 n->films
[2017-03-10 15:14:47]	医道 n->films
[2017-03-10 15:14:47]	彝海结盟 nl->films
[2017-03-10 15:14:47]	映山红 n->films
[2017-03-10 15:14:47]	硬骨头 n->films
[2017-03-10 15:14:47]	永无止境 vl->films
[2017-03-10 15:14:47]	邮差 n->films
[2017-03-10 15:14:47]	游侠 n->films
[2017-03-10 15:14:47]	战旗 n->films
[2017-03-10 15:14:47]	长城 ns->films
[2017-03-10 15:14:47]	终结者 n->films
[2017-03-10 15:14:47]	乘风破浪 vl->films
[2017-03-10 15:14:47]	降临 vi->films
[2017-03-10 15:14:47]	心惊胆战 al->films
[2017-03-10 15:14:47]	池子 n->stars
[2017-03-10 15:14:47]	阿尔法 nrf->stars
[2017-03-10 15:14:47]	艾伦 nrf->stars
[2017-03-10 15:14:47]	安宁 a->stars
[2017-03-10 15:14:47]	白雪 n->stars
[2017-03-10 15:14:47]	狄龙 nrf->stars
[2017-03-10 15:14:47]	丁当 o->stars
[2017-03-10 15:14:47]	方圆 n->stars
[2017-03-10 15:14:47]	高峰 n->stars
[2017-03-10 15:14:47]	高高 a->stars
[2017-03-10 15:14:47]	高远 a->stars
[2017-03-10 15:14:47]	葛布 n->stars
[2017-03-10 15:14:47]	管乐 n->stars
[2017-03-10 15:14:47]	何方 nr->stars
[2017-03-10 15:14:47]	洪都拉斯 nsf->stars
[2017-03-10 15:14:47]	鸿利 nz->stars
[2017-03-10 15:14:47]	胡蝶 n->stars
[2017-03-10 15:14:47]	胡杨林 n->stars
[2017-03-10 15:14:47]	黄灿灿 z->stars
[2017-03-10 15:14:47]	金星 n->stars
[2017-03-10 15:14:47]	黎明 t->stars
[2017-03-10 15:14:47]	陆川 nr->stars
[2017-03-10 15:14:47]	马赛 ns->stars
[2017-03-10 15:14:47]	毛毛虫 n->stars
[2017-03-10 15:14:47]	米娜 nrf->stars
[2017-03-10 15:14:47]	苗圃 n->stars
[2017-03-10 15:14:47]	宁静 a->stars
[2017-03-10 15:14:47]	琦琦 nr2->stars
[2017-03-10 15:14:47]	胜利 ad->stars
[2017-03-10 15:14:47]	舒畅 a->stars
[2017-03-10 15:14:47]	苏醒 vi->stars
[2017-03-10 15:14:47]	陶冶 v->stars
[2017-03-10 15:14:47]	王子 n->stars
[2017-03-10 15:14:47]	文静 a->stars
[2017-03-10 15:14:47]	文章 n->stars
[2017-03-10 15:14:47]	武艺 n->stars
[2017-03-10 15:14:47]	弦子 nr->stars
[2017-03-10 15:14:47]	宣言 n->stars
[2017-03-10 15:14:47]	扬帆 vi->stars
[2017-03-10 15:14:47]	杨森 nr->stars
[2017-03-10 15:14:47]	张扬 nr->stars
[2017-03-10 15:14:47]	周笔畅 nr->stars
[2017-03-10 15:14:47]	庄严 a->stars
